IQ-TREE multicore version 1.6.12 for Linux 64-bit built Aug 15 2019
Developed by Bui Quang Minh, Nguyen Lam Tung, Olga Chernomor,
Heiko Schmidt, Dominik Schrempf, Michael Woodhams.

Host:    bell.cibiv.univie.ac.at (AVX2, FMA3, 62 GB RAM)
Command: ../../iqtree -s Unique_Overlapping_One_Outgroup.fas -st DNA -m TEST -bb 5000 -nm 5000 -alrt 5000
Seed:    82498 (Using SPRNG - Scalable Parallel Random Number Generator)
Time:    Tue Nov 25 16:27:57 2025
Kernel:  AVX+FMA - 1 threads (12 CPU cores detected)

HINT: Use -nt option to specify number of threads because your CPU has 12 cores!
HINT: -nt AUTO will automatically determine the best number of threads to use.

Reading alignment file Unique_Overlapping_One_Outgroup.fas ... Fasta format detected
Alignment most likely contains DNA/RNA sequences
Alignment has 79 sequences with 376 columns, 167 distinct patterns
126 parsimony-informative, 29 singleton sites, 221 constant sites
WARNING: Some sequence names are changed as follows:
BY6_Funisciurus____(74) -> BY6_Funisciurus_____74_
BY1_Funisciurus____(5) -> BY1_Funisciurus_____5_
YK37_Funisciurus____(2) -> YK37_Funisciurus_____2_
CRT644___(11) -> CRT644____11_
YK23___(2) -> YK23____2_
EBO245_(2) -> EBO245__2_
EBO314_(2) -> EBO314__2_
YK65___(2) -> YK65____2_
YK100_Funisciurus____(2) -> YK100_Funisciurus_____2_
EPL29_Funisciurus____(26) -> EPL29_Funisciurus_____26_
UAC933_Funisciurus____(2) -> UAC933_Funisciurus_____2_
UAC928_Funisciurus____(2) -> UAC928_Funisciurus_____2_
BDA313___(4) -> BDA313____4_
UMA25___Funisciurus_(3) -> UMA25___Funisciurus__3_
AKT106___(10) -> AKT106____10_
BDA112___(4) -> BDA112____4_
Kik675_Funisciurus____(7) -> Kik675_Funisciurus_____7_
Kik1454_Funisciurus____(2) -> Kik1454_Funisciurus_____2_
Y21___(2) -> Y21____2_
YK228___(2) -> YK228____2_
YK213___(2) -> YK213____2_

                            Gap/Ambiguity  Composition  p-value
   1  BY6_Funisciurus_____74_       0.00%    passed     96.30%
   2  BY1_Funisciurus_____5_        0.53%    passed     95.57%
   3  YK37_Funisciurus_____2_       0.80%    passed     96.92%
   4  YK129_Funisciurus___          0.53%    passed     96.36%
   5  Y114__                        0.53%    passed     93.55%
   6  YK234__                       0.53%    passed     93.55%
   7  Y119_Funisciurus___           1.60%    passed     94.87%
   8  CRT644____11_                 0.00%    passed     94.33%
   9  BY3_Funisciurus___            0.53%    passed     94.01%
  10  YK111__                       0.27%    passed     92.66%
  11  YK50__                        0.53%    passed     96.36%
  12  Y50_Funisciurus___            1.86%    passed     88.08%
  13  TLL154_Funisciurus_           0.00%    passed     91.31%
  14  Y122__                        0.00%    passed     93.14%
  15  YK101_Funisciurus___          0.00%    passed     94.27%
  16  YK23____2_                    0.00%    passed     93.14%
  17  BY4_Funisciurus___            0.53%    passed     92.29%
  18  YK33_Funisciurus___           0.27%    passed     94.84%
  19  EBO245__2_                    0.00%    passed     98.11%
  20  EBO314__2_                    0.00%    passed     97.53%
  21  EBO50                         0.00%    passed     96.30%
  22  EBO287                        0.00%    passed     99.27%
  23  EBO472                        0.00%    passed     96.42%
  24  YKX40__                       0.00%    passed     93.38%
  25  YK65____2_                    0.00%    passed     95.81%
  26  TLL58_Funisciurus_            0.27%    passed     97.40%
  27  TLL59_Funisciurus_            0.00%    passed     96.70%
  28  YK100_Funisciurus_____2_      0.00%    passed     96.70%
  29  EPL29_Funisciurus_____26_     0.00%    passed     84.76%
  30  UAC933_Funisciurus_____2_     0.80%    passed     90.57%
  31  UAC928_Funisciurus_____2_     0.53%    passed     89.86%
  32  UAC922__                      0.27%    passed     85.24%
  33  CRT282__                      0.53%    passed     79.86%
  34  BDA313____4_                  0.00%    passed     85.82%
  35  EPL18_Funisciurus___          0.00%    passed     89.70%
  36  UAC5122_Funisciurus___        0.00%    passed     85.82%
  37  EPL14_Funisciurus___          0.00%    passed     78.86%
  38  CRT57                         0.00%    passed     85.82%
  39  UMA25___Funisciurus__3_       0.00%    passed     89.70%
  40  UMA385_Funisciurus__          0.00%    passed     93.58%
  41  AKT107_Funisciurus___         1.06%    passed     86.09%
  42  AKT106____10_                 0.00%    passed     81.93%
  43  BDA112____4_                  0.00%    passed     84.76%
  44  BDA152__                      0.00%    passed     81.93%
  45  UAC930__                      0.00%    passed     86.96%
  46  BDA80__                       0.27%    passed     72.92%
  47  AKT236_Funisciurus___         2.93%    passed     72.51%
  48  Kik675_Funisciurus_____7_     0.80%    passed     71.32%
  49  Kik1454_Funisciurus_____2_    0.80%    passed     80.73%
  50  Kik1199_Funisciurus___        0.80%    passed     60.78%
  51  UMA440                        0.53%    passed     59.43%
  52  UMA40_Funisciurus__           0.27%    passed     55.80%
  53  UMA439                        3.19%    passed     70.45%
  54  EPL20_Funisciurus___          0.27%    passed     43.48%
  55  UMA511                        1.86%    passed     70.43%
  56  Y21____2_                     0.00%    passed     68.49%
  57  YK215__                       0.27%    passed     64.73%
  58  YK195_Funisciurus____         1.06%    passed     58.97%
  59  YK228____2_                   0.00%    passed     68.49%
  60  YK213____2_                   0.00%    passed     59.55%
  61  YK229__                       0.00%    passed     64.20%
  62  YK148_Funisciurus____         1.06%    passed     53.86%
  63  YK247__                       0.00%    passed     61.41%
  64  BY5_Funisciurus____           0.80%    passed     61.97%
  65  YK192_Funisciurus____         1.06%    passed     66.93%
  66  YK208__                       0.00%    passed     43.90%
  67  YK196__                       0.80%    passed     45.74%
  68  YK152_Funisciurus____         0.00%    passed     47.01%
  69  YK109_Funisciurus____         1.06%    passed     41.63%
  70  MF577066                      0.00%    passed     52.16%
  71  YK127__                       1.86%    passed     81.87%
  72  Y9__                          1.33%    passed     90.27%
  73  YK110_Funisciurus____         0.27%    passed     88.45%
  74  YK120__                       2.39%    passed     78.03%
  75  YK231__                       1.33%    passed     93.88%
  76  YK225__                       2.39%    passed     75.69%
  77  YK125                         0.53%    passed     72.90%
  78  EBO87                         0.53%    passed     76.85%
  79  YK171_Paraxerus               1.60%    passed     61.69%
****  TOTAL                         0.53%  0 sequences failed composition chi2 test (p-value<5%; df=3)


Create initial parsimony tree by phylogenetic likelihood library (PLL)... 0.008 seconds
NOTE: ModelFinder requires 5 MB RAM!
ModelFinder will test 88 DNA models (sample size: 376) ...
 No. Model         -LnL         df  AIC          AICc         BIC
  1  JC            2297.233     155 4904.466     5124.284     5513.553
  2  JC+I          2217.822     156 4747.644     4971.315     5360.660
  3  JC+G4         2212.053     156 4736.106     4959.778     5349.122
  4  JC+I+G4       2212.419     157 4738.839     4966.417     5355.784
  5  F81+F         2249.306     158 4814.611     5046.151     5435.486
  6  F81+F+I       2162.298     159 4642.596     4878.152     5267.401
  7  F81+F+G4      2156.853     159 4631.706     4867.262     5256.511
  8  F81+F+I+G4    2157.289     160 4634.579     4874.207     5263.313
  9  K2P           2164.048     156 4640.097     4863.768     5253.113
 10  K2P+I         2076.910     157 4467.820     4695.398     5084.766
 11  K2P+G4        2067.436     157 4448.873     4676.451     5065.818
 12  K2P+I+G4      2067.571     158 4451.143     4682.682     5072.018
 13  HKY+F         2126.191     159 4570.383     4805.938     5195.188
 14  HKY+F+I       2027.515     160 4375.029     4614.657     5003.764
 15  HKY+F+G4      2014.102     160 4348.204     4587.832     4976.938
 16  HKY+F+I+G4    2014.386     161 4350.772     4594.529     4983.436
 17  TNe           2162.505     157 4639.010     4866.588     5255.956
 18  TNe+I         2076.314     158 4468.628     4700.168     5089.504
 19  TNe+G4        2066.049     158 4448.097     4679.636     5068.972
 20  TNe+I+G4      2066.166     159 4450.332     4685.887     5075.136
 21  TN+F          2119.053     160 4558.105     4797.733     5186.839
 22  TN+F+I        2017.403     161 4356.807     4600.564     4989.470
 23  TN+F+G4       2006.468     161 4334.937     4578.694     4967.601
 24  TN+F+I+G4     2006.790     162 4337.580     4585.524     4974.174
 25  K3P           2160.327     157 4634.653     4862.231     5251.599
 26  K3P+I         2073.942     158 4463.884     4695.423     5084.759
 27  K3P+G4        2064.587     158 4445.175     4676.714     5066.050
 28  K3P+I+G4      2064.709     159 4447.419     4682.975     5072.224
 29  K3Pu+F        2124.298     160 4568.596     4808.224     5197.330
 30  K3Pu+F+I      2026.637     161 4375.274     4619.031     5007.938
 31  K3Pu+F+G4     2013.194     161 4348.389     4592.146     4981.053
 32  K3Pu+F+I+G4   2013.430     162 4350.859     4598.803     4987.453
 33  TPM2+F        2123.083     160 4566.165     4805.793     5194.899
 34  TPM2+F+I      2025.883     161 4373.765     4617.522     5006.429
 35  TPM2+F+G4     2012.826     161 4347.653     4591.410     4980.317
 36  TPM2+F+I+G4   2013.081     162 4350.162     4598.105     4986.755
 37  TPM2u+F       2123.083     160 4566.165     4805.793     5194.899
 38  TPM2u+F+I     2025.880     161 4373.759     4617.516     5006.423
 39  TPM2u+F+G4    2012.827     161 4347.653     4591.410     4980.317
 40  TPM2u+F+I+G4  2013.079     162 4350.159     4598.102     4986.752
 41  TPM3+F        2125.619     160 4571.238     4810.866     5199.972
 42  TPM3+F+I      2027.511     161 4377.022     4620.779     5009.686
 43  TPM3+F+G4     2014.095     161 4350.190     4593.947     4982.854
 44  TPM3+F+I+G4   2014.360     162 4352.720     4600.664     4989.314
 45  TPM3u+F       2125.618     160 4571.236     4810.864     5199.970
 46  TPM3u+F+I     2027.512     161 4377.024     4620.781     5009.688
 47  TPM3u+F+G4    2014.095     161 4350.189     4593.946     4982.853
 48  TPM3u+F+I+G4  2014.358     162 4352.715     4600.659     4989.309
 49  TIMe          2158.760     158 4633.519     4865.058     5254.394
 50  TIMe+I        2073.279     159 4464.559     4700.114     5089.364
 51  TIMe+G4       2063.179     159 4444.359     4679.914     5069.163
 52  TIMe+I+G4     2063.271     160 4446.541     4686.169     5075.275
 53  TIM+F         2117.167     161 4556.334     4800.091     5188.998
 54  TIM+F+I       2016.583     162 4357.167     4605.111     4993.760
 55  TIM+F+G4      2005.666     162 4335.332     4583.276     4971.925
 56  TIM+F+I+G4    2005.934     163 4337.868     4590.056     4978.391
 57  TIM2e         2149.534     158 4615.067     4846.606     5235.942
 58  TIM2e+I       2064.480     159 4446.960     4682.516     5071.765
 59  TIM2e+G4      2055.024     159 4428.048     4663.603     5052.853
 60  TIM2e+I+G4    2055.133     160 4430.265     4669.893     5059.000
 61  TIM2+F        2115.906     161 4553.811     4797.569     5186.475
 62  TIM2+F+I      2015.865     162 4355.731     4603.675     4992.324
 63  TIM2+F+G4     2005.584     162 4335.167     4583.111     4971.760
 64  TIM2+F+I+G4   2005.972     163 4337.944     4590.133     4978.467
 65  TIM3e         2161.509     158 4639.018     4870.558     5259.893
 66  TIM3e+I       2076.201     159 4470.402     4705.958     5095.207
 67  TIM3e+G4      2065.700     159 4449.400     4684.956     5074.205
 68  TIM3e+I+G4    2065.776     160 4451.552     4691.180     5080.286
 69  TIM3+F        2118.467     161 4558.933     4802.690     5191.597
 70  TIM3+F+I      2017.387     162 4358.775     4606.718     4995.368
 71  TIM3+F+G4     2006.452     162 4336.905     4584.848     4973.498
 72  TIM3+F+I+G4   2006.748     163 4339.497     4591.685     4980.020
 73  TVMe          2148.035     159 4614.069     4849.625     5238.874
 74  TVMe+I        2062.363     160 4444.725     4684.353     5073.460
 75  TVMe+G4       2053.218     160 4426.435     4666.063     5055.170
 76  TVMe+I+G4     2053.282     161 4428.564     4672.321     5061.227
 77  TVM+F         2121.468     162 4566.937     4814.880     5203.530
 78  TVM+F+I       2024.595     163 4375.191     4627.379     5015.714
 79  TVM+F+G4      2011.359     163 4348.718     4600.907     4989.241
 80  TVM+F+I+G4    2011.550     164 4351.100     4607.593     4995.552
 81  SYM           2146.526     160 4613.052     4852.680     5241.786
 82  SYM+I         2061.707     161 4445.414     4689.171     5078.077
 83  SYM+G4        2052.090     161 4426.180     4669.937     5058.844
 84  SYM+I+G4      2052.153     162 4428.306     4676.250     5064.900
 85  GTR+F         2114.248     163 4554.496     4806.685     5195.020
 86  GTR+F+I       2014.509     164 4357.018     4613.511     5001.470
 87  GTR+F+G4      2004.079     164 4336.158     4592.651     4980.611
 88  GTR+F+I+G4    2004.458     165 4338.915     4599.772     4987.297
Akaike Information Criterion:           TN+F+G4
Corrected Akaike Information Criterion: TN+F+G4
Bayesian Information Criterion:         TN+F+G4
Best-fit model: TN+F+G4 chosen according to BIC

All model information printed to Unique_Overlapping_One_Outgroup.fas.model.gz
CPU time for ModelFinder: 2.209 seconds (0h:0m:2s)
Wall-clock time for ModelFinder: 2.261 seconds (0h:0m:2s)
Generating 5000 samples for ultrafast bootstrap (seed: 82498)...

NOTE: 5 MB RAM (0 GB) is required!
Estimate model parameters (epsilon = 0.100)
1. Initial log-likelihood: -2192.384
2. Current log-likelihood: -2013.407
3. Current log-likelihood: -2006.978
4. Current log-likelihood: -2006.512
Optimal log-likelihood: -2006.469
Rate parameters:  A-C: 1.00000  A-G: 18.14452  A-T: 1.00000  C-G: 1.00000  C-T: 7.69700  G-T: 1.00000
Base frequencies:  A: 0.262  C: 0.359  G: 0.101  T: 0.278
Gamma shape alpha: 0.278
Parameters optimization took 4 rounds (0.084 sec)
Computing ML distances based on estimated model parameters... 0.032 sec
Computing BIONJ tree...
0.002 seconds
Log-likelihood of BIONJ tree: -2031.440
--------------------------------------------------------------------
|             INITIALIZING CANDIDATE TREE SET                      |
--------------------------------------------------------------------
Generating 98 parsimony trees... 0.368 second
Computing log-likelihood of 98 initial trees ... 0.577 seconds
Current best score: -2002.018

Do NNI search on 20 best initial trees
Estimate model parameters (epsilon = 0.100)
BETTER TREE FOUND at iteration 1: -2000.822
Estimate model parameters (epsilon = 0.100)
BETTER TREE FOUND at iteration 2: -2000.220
Estimate model parameters (epsilon = 0.100)
BETTER TREE FOUND at iteration 3: -1999.871
Estimate model parameters (epsilon = 0.100)
BETTER TREE FOUND at iteration 4: -1997.509
Iteration 10 / LogL: -1999.077 / Time: 0h:0m:2s
Iteration 20 / LogL: -2006.412 / Time: 0h:0m:4s
Finish initializing candidate tree set (20)
Current best tree score: -1997.509 / CPU time: 3.998
Number of iterations: 20
--------------------------------------------------------------------
|               OPTIMIZING CANDIDATE TREE SET                      |
--------------------------------------------------------------------
Iteration 30 / LogL: -1998.699 / Time: 0h:0m:6s (0h:0m:15s left)
Iteration 40 / LogL: -1998.956 / Time: 0h:0m:7s (0h:0m:12s left)
BETTER TREE FOUND at iteration 41: -1997.507
BETTER TREE FOUND at iteration 42: -1997.507
Iteration 50 / LogL: -1997.507 / Time: 0h:0m:9s (0h:0m:18s left)
Log-likelihood cutoff on original alignment: -2032.607
Iteration 60 / LogL: -1998.628 / Time: 0h:0m:12s (0h:0m:17s left)
BETTER TREE FOUND at iteration 69: -1997.507
Iteration 70 / LogL: -1997.508 / Time: 0h:0m:14s (0h:0m:20s left)
BETTER TREE FOUND at iteration 74: -1997.507
Iteration 80 / LogL: -1998.698 / Time: 0h:0m:16s (0h:0m:19s left)
Iteration 90 / LogL: -1998.196 / Time: 0h:0m:18s (0h:0m:17s left)
BETTER TREE FOUND at iteration 100: -1997.507
Iteration 100 / LogL: -1997.507 / Time: 0h:0m:20s (0h:0m:20s left)
Log-likelihood cutoff on original alignment: -2032.607
NOTE: Bootstrap correlation coefficient of split occurrence frequencies: 0.985
NOTE: UFBoot does not converge, continue at least 100 more iterations
BETTER TREE FOUND at iteration 105: -1997.507
Iteration 110 / LogL: -2011.226 / Time: 0h:0m:23s (0h:0m:20s left)
BETTER TREE FOUND at iteration 115: -1997.507
Iteration 120 / LogL: -2011.973 / Time: 0h:0m:25s (0h:0m:20s left)
Iteration 130 / LogL: -2000.771 / Time: 0h:0m:27s (0h:0m:17s left)
Iteration 140 / LogL: -1997.507 / Time: 0h:0m:29s (0h:0m:15s left)
Iteration 150 / LogL: -1997.938 / Time: 0h:0m:31s (0h:0m:13s left)
Log-likelihood cutoff on original alignment: -2032.607
Iteration 160 / LogL: -2002.250 / Time: 0h:0m:34s (0h:0m:11s left)
Iteration 170 / LogL: -1997.507 / Time: 0h:0m:36s (0h:0m:9s left)
Iteration 180 / LogL: -1997.938 / Time: 0h:0m:38s (0h:0m:7s left)
Iteration 190 / LogL: -1997.938 / Time: 0h:0m:40s (0h:0m:5s left)
Iteration 200 / LogL: -1998.196 / Time: 0h:0m:42s (0h:0m:3s left)
Log-likelihood cutoff on original alignment: -2032.607
NOTE: Bootstrap correlation coefficient of split occurrence frequencies: 0.996
Iteration 210 / LogL: -1997.508 / Time: 0h:0m:45s (0h:0m:19s left)
TREE SEARCH COMPLETED AFTER 216 ITERATIONS / Time: 0h:0m:46s

--------------------------------------------------------------------
|                    FINALIZING TREE SEARCH                        |
--------------------------------------------------------------------
Performs final model parameters optimization
Estimate model parameters (epsilon = 0.010)
1. Initial log-likelihood: -1997.507
Optimal log-likelihood: -1997.503
Rate parameters:  A-C: 1.00000  A-G: 21.54372  A-T: 1.00000  C-G: 1.00000  C-T: 8.30370  G-T: 1.00000
Base frequencies:  A: 0.262  C: 0.359  G: 0.101  T: 0.278
Gamma shape alpha: 0.269
Parameters optimization took 1 rounds (0.012 sec)
BEST SCORE FOUND : -1997.503

Testing tree branches by SH-like aLRT with 5000 replicates...
4.065 sec.
Creating bootstrap support values...
Split supports printed to NEXUS file Unique_Overlapping_One_Outgroup.fas.splits.nex
Total tree length: 1.540

Total number of iterations: 216
CPU time used for tree search: 46.260 sec (0h:0m:46s)
Wall-clock time used for tree search: 46.422 sec (0h:0m:46s)
Total CPU time used: 51.273 sec (0h:0m:51s)
Total wall-clock time used: 51.444 sec (0h:0m:51s)

Computing bootstrap consensus tree...
Reading input file Unique_Overlapping_One_Outgroup.fas.splits.nex...
79 taxa and 2681 splits.
Consensus tree written to Unique_Overlapping_One_Outgroup.fas.contree
Reading input trees file Unique_Overlapping_One_Outgroup.fas.contree
Log-likelihood of consensus tree: -1997.503

Analysis results written to: 
  IQ-TREE report:                Unique_Overlapping_One_Outgroup.fas.iqtree
  Maximum-likelihood tree:       Unique_Overlapping_One_Outgroup.fas.treefile
  Likelihood distances:          Unique_Overlapping_One_Outgroup.fas.mldist

Ultrafast bootstrap approximation results written to:
  Split support values:          Unique_Overlapping_One_Outgroup.fas.splits.nex
  Consensus tree:                Unique_Overlapping_One_Outgroup.fas.contree
  Screen log file:               Unique_Overlapping_One_Outgroup.fas.log

Date and Time: Tue Nov 25 16:28:51 2025
